Arguments: 
  /usr/local/bin/node /usr/local/bin/yarn add forever -D

PATH: 
  /opt/local/bin:/opt/local/lib/php/pear/bin:/usr/local/bin:/usr/bin:/bin:/usr/sbin:/sbin:/opt/local/bin:/opt/local/lib/php/pear/bin

Yarn version: 
  0.20.3

Node version: 
  11.12.0

Platform: 
  darwin x64

npm manifest: 
  {
       "name": "nodeapp",
       "version": "1.0.0",
       "description": "This will be the default app server",
       "main": "index.js",
       "scripts": {
            "test": "echo \"Error: no test specified\" && exit 1",
            "start": "./node_modules/.bin/nodemon --watch 'src/*.ts' --exec ./node_modules/.bin/ts-node ./src/server.ts"
       },
       "author": "Axel Garcia",
       "license": "ISC",
       "devDependencies": {
            "@types/axios": "^0.14.0",
            "@types/cors": "^2.8.4",
            "@types/dotenv": "^6.1.0",
            "@types/express": "^4.16.1",
            "@types/node": "^11.11.3",
            "axios": "^0.18.0",
            "body-parser": "^1.18.3",
            "cors": "^2.8.5",
            "dotenv": "^7.0.0",
            "express": "^4.16.4",
            "ng-cli": "^0.7.0",
            "nodemon": "^1.18.10",
            "ts-node": "^8.0.3",
            "typescript": "^3.3.3333"
       }
  }

yarn manifest: 
  No manifest

Lockfile: 
  No lockfile

Trace: 
  Error: EACCES: permission denied, open '/Users/axel/Library/Caches/Yarn/npm-array-unique-0.3.2-a894b75d4bc4f6cd679ef3244a9fd8f46ae2d428/README.md'
